[2021-11-08 09:16:39] [ ERROR] [Login:52] Fallo de inicio de sesion 1234 admin@admin.com
[2021-11-08 09:16:45] [ ERROR] [Login:52] Fallo de inicio de sesion 1234 admin@admin.com
[2021-11-08 09:16:49] [ ERROR] [Login:52] Fallo de inicio de sesion asmin admin@admin.com
[2021-11-08 09:16:57] [ INFO ] [Login:41] Usuario: admin@admin.com ha iniciado sesión
[2021-11-08 09:16:57] [ INFO ] [Login:43] Administrador: admin@admin.com ha iniciado sesión
[2021-11-08 09:29:56] [ ERROR] [Login:52] Fallo de inicio de sesion asmin admin@admin.com
[2021-11-08 09:30:01] [ INFO ] [Login:41] Usuario: admin@admin.com ha iniciado sesión
[2021-11-08 09:30:01] [ INFO ] [Login:43] Administrador: admin@admin.com ha iniciado sesión
[2021-11-08 09:46:49] [ INFO ] [Login:41] Usuario: perezleon.miguel@gmail.com ha iniciado sesión
[2021-11-08 09:53:01] [ INFO ] [Login:41] Usuario: perezleon.miguel@gmail.com ha iniciado sesión
[2021-11-08 09:59:14] [ ERROR] [Login:52] Fallo de inicio de sesion asmin admin@admin.com
[2021-11-08 09:59:20] [ INFO ] [Login:41] Usuario: admin@admin.com ha iniciado sesión
[2021-11-08 09:59:20] [ INFO ] [Login:43] Administrador: admin@admin.com ha iniciado sesión
[2021-11-08 10:36:37] [ INFO ] [Login:41] Usuario: admin@admin.com ha iniciado sesión
[2021-11-08 10:36:37] [ INFO ] [Login:43] Administrador: admin@admin.com ha iniciado sesión
[2021-11-08 12:13:21] [ ERROR] [Admin:70] Intento de acceso sin permisos en pagina admin/usuarios
[2021-11-08 12:37:33] [ ERROR] [Admin:28] Intento de acceso sin permisos en pagina admin
[2021-11-08 13:09:08] [ ERROR] [Admin:56] Intento de acceso sin permisos en pagina admin/roles
[2021-11-08 13:09:26] [ ERROR] [Admin:56] Intento de acceso sin permisos en pagina admin/roles
[2021-11-08 13:12:25] [ INFO ] [Login:41] Usuario: admin@admin.com ha iniciado sesión
[2021-11-08 13:12:25] [ INFO ] [Login:43] Administrador: admin@admin.com ha iniciado sesión
[2021-11-08 13:29:59] [ ERROR] [Admin:28] Intento de acceso sin permisos en pagina admin
[2021-11-08 13:33:22] [ INFO ] [Login:41] Usuario: admin@admin.com ha iniciado sesión
[2021-11-08 13:33:22] [ INFO ] [Login:43] Administrador: admin@admin.com ha iniciado sesión
[2021-11-08 13:42:51] [ INFO ] [Login:41] Usuario: admin@admin.com ha iniciado sesión
[2021-11-08 13:42:51] [ INFO ] [Login:43] Administrador: admin@admin.com ha iniciado sesión
[2021-11-08 13:49:44] [ ERROR] [Login:52] Fallo de inicio de sesion admin admin@admin.com
[2021-11-08 13:49:49] [ INFO ] [Login:41] Usuario: admin@admin.com ha iniciado sesión
[2021-11-08 13:49:49] [ INFO ] [Login:43] Administrador: admin@admin.com ha iniciado sesión
