[2021-11-05 09:08:23] [ INFO ] [Login:35] Usuario: perezleon.miguel@gmail.com ha iniciado sesión
[2021-11-05 09:43:05] [ ERROR] [Login:40] Fallo de inicio de sesion 12 12@qw.c
[2021-11-05 09:43:32] [ ERROR] [Login:40] Fallo de inicio de sesion 12 12@12.e
[2021-11-05 09:44:08] [ ERROR] [Login:40] Fallo de inicio de sesion 12 12@12.e
[2021-11-05 09:45:24] [ INFO ] [Login:35] Usuario: perezleon.miguel@gmail.com ha iniciado sesión
[2021-11-05 09:54:24] [ ERROR] [Cesta:130] Intento de retirar del carro un producto que no esta en la cesta, n.ref: 1
[2021-11-05 09:54:29] [ ERROR] [Cesta:130] Intento de retirar del carro un producto que no esta en la cesta, n.ref: 1
[2021-11-05 09:55:10] [ ERROR] [Cesta:130] Intento de retirar del carro un producto que no esta en la cesta, n.ref: 1
[2021-11-05 09:55:15] [ ERROR] [Cesta:130] Intento de retirar del carro un producto que no esta en la cesta, n.ref: 1
[2021-11-05 09:58:39] [ INFO ] [Login:35] Usuario: perezleon.miguel@gmail.com ha iniciado sesión
[2021-11-05 10:13:45] [ ERROR] [Cesta:142] Intento de retirar del carro un producto que no esta en la cesta, n.ref: 1
[2021-11-05 10:49:02] [ INFO ] [Login:35] Usuario: perezleon.miguel@gmail.com ha iniciado sesión
[2021-11-05 19:25:52] [ ERROR] [Login:44] Fallo de inicio de sesion  
[2021-11-05 19:25:58] [ ERROR] [Login:44] Fallo de inicio de sesion  
[2021-11-05 19:27:56] [ ERROR] [Login:44] Fallo de inicio de sesion  
[2021-11-05 19:28:06] [ ERROR] [Login:44] Fallo de inicio de sesion  
[2021-11-05 19:28:19] [ INFO ] [Login:39] Usuario: perezleon.miguel@gmail.com ha iniciado sesión
[2021-11-05 19:29:35] [ INFO ] [Login:39] Usuario: perezleon.miguel@gmail.com ha iniciado sesión
[2021-11-05 19:30:40] [ ERROR] [Login:44] Fallo de inicio de sesion  
[2021-11-05 19:32:06] [ INFO ] [Login:39] Usuario: perezleon.miguel@gmail.com ha iniciado sesión
[2021-11-05 21:37:54] [ INFO ] [Login:39] Usuario: perezleon.miguel@gmail.com ha iniciado sesión
